Arguments: 
  C:\Program Files\nodejs\node.exe C:\Program Files (x86)\Yarn\bin\yarn.js install

PATH: 
  C:\Users\Gebruiker\bin;C:\Program Files\Git\mingw64\bin;C:\Program Files\Git\usr\local\bin;C:\Program Files\Git\usr\bin;C:\Program Files\Git\usr\bin;C:\Program Files\Git\mingw64\bin;C:\Program Files\Git\usr\bin;C:\Users\Gebruiker\bin;C:\Program Files\NVIDIA GPU Computing Toolkit\CUDA\v9.1\bin;C:\Program Files\NVIDIA GPU Computing Toolkit\CUDA\v9.1\libnvvp;C:\Program Files\Java\jdk-9.0.1\bin;C:\WINDOWS\system32;C:\WINDOWS;C:\WINDOWS\System32\Wbem;C:\WINDOWS\System32\WindowsPowerShell\v1.0;C:\Program Files\PuTTY;C:\Program Files\Git\cmd;C:\Program Files (x86)\scala\bin;C:\Program Files\nodejs;C:\ffmpeg\bin;C:\Program Files (x86)\Windows Kits\10\Windows Performance Toolkit;C:\Python27;C:\Python27\Scripts;C:\Python27\Lib;C:\Program Files\MiKTeX 2.9\miktex\bin\x64;C:\Program Files (x86)\QuickTime\QTSystem;C:\Program Files\apache-maven-3.5.2\bin;C:\ProgramData\ComposerSetup\bin;C:\Program Files (x86)\Yarn\bin;C:\Program Files (x86)\NVIDIA Corporation\PhysX\Common;C:\Program Files (x86)\Wolfram Research\WolframScript;C:\Users\Gebruiker\AppData\Local\Microsoft\WindowsApps;C:\Users\Gebruiker\AppData\Local\atom\bin;C:\Program Files (x86)\Nmap;C:\Users\Gebruiker\AppData\Roaming\npm;C:\Program Files\Microsoft VS Code\bin;C:\Users\Gebruiker\Documents\php-7.1.10-nts-Win32-VC14-x86;C:\Users\Gebruiker\AppData\Local\GitHubDesktop\bin;C:\Users\Gebruiker\AppData\Local\Microsoft\WindowsApps;C:\Users\Gebruiker\AppData\Roaming\Composer\vendor\bin;C:\Users\Gebruiker\AppData\Local\Yarn\bin;C:\Program Files\CMake\bin;C:\Program Files\Git\usr\bin\vendor_perl;C:\Program Files\Git\usr\bin\core_perl

Yarn version: 
  1.3.2

Node version: 
  8.0.0

Platform: 
  win32 x64

npm manifest: 
  {
    "name": "nolaextension",
    "version": "1.0.0",
    "description": "Nolas extension",
    "main": "script.js",
    "scripts": {
      "test": "echo \"Error: no test specified\" && exit 1"
    },
    "repository": {
      "type": "git",
      "url": "git+https://github.com/nobobo1234/nolaextension.git"
    },
    "author": "",
    "license": "ISC",
    "bugs": {
      "url": "https://github.com/nobobo1234/nolaextension/issues"
    },
    "homepage": "https://github.com/nobobo1234/nolaextension#readme",
    "devDependencies": {
      "babel-core": "^6.26.0",
      "babel-loader": "^7.1.2",
      "babel-polyfill": "^6.26.0",
      "babel-preset-env": "^1.6.1",
      "webpack": "^3.8.1"
    },
    "dependencies": {
      "chrome-promise": "^2.1.1",
      "moment": "^2.19.2"
    }
  }

yarn manifest: 
  No manifest

Lockfile: 
  No lockfile

Trace: 
  Error: connect EACCES 104.16.61.173:443
      at Object.exports._errnoException (util.js:1026:11)
      at exports._exceptionWithHostPort (util.js:1049:20)
      at TCPConnectWrap.afterConnect [as oncomplete] (net.js:1136:14)
